[0.893s] Invoking command in '/home/rafal/diff_Trailblazer/TrailblazerML/build/gazebo_viz': PYTHONPATH=/home/rafal/diff_Trailblazer/TrailblazerML/build/gazebo_viz/prefix_override:/home/rafal/.local/lib/python3.10/site-packages/colcon_core/task/python/colcon_distutils_commands:/home/rafal/diff_Trailblazer/TrailblazerML/install/gazebo_viz/lib/python3.10/site-packages:${PYTHONPATH} /usr/bin/python3 -W ignore:setup.py install is deprecated setup.py develop --editable --build-directory /home/rafal/diff_Trailblazer/TrailblazerML/build/gazebo_viz/build --no-deps symlink_data
[1.086s] running develop
[1.086s] /usr/lib/python3/dist-packages/setuptools/command/easy_install.py:158: EasyInstallDeprecationWarning: easy_install command is deprecated. Use build and pip and other standards-based tools.
[1.086s]   warnings.warn(
[1.230s] running egg_info
[1.230s] writing gazebo_viz.egg-info/PKG-INFO
[1.231s] writing dependency_links to gazebo_viz.egg-info/dependency_links.txt
[1.231s] writing entry points to gazebo_viz.egg-info/entry_points.txt
[1.231s] writing requirements to gazebo_viz.egg-info/requires.txt
[1.231s] writing top-level names to gazebo_viz.egg-info/top_level.txt
[1.234s] reading manifest file 'gazebo_viz.egg-info/SOURCES.txt'
[1.235s] writing manifest file 'gazebo_viz.egg-info/SOURCES.txt'
[1.236s] running build_ext
[1.236s] Creating /home/rafal/diff_Trailblazer/TrailblazerML/install/gazebo_viz/lib/python3.10/site-packages/gazebo-viz.egg-link (link to .)
[1.237s] 
[1.237s] Installed /home/rafal/diff_Trailblazer/TrailblazerML/build/gazebo_viz
[1.237s] running symlink_data
[1.238s] symbolically linking /home/rafal/diff_Trailblazer/TrailblazerML/build/gazebo_viz/meshes/body.stl -> /home/rafal/diff_Trailblazer/TrailblazerML/install/gazebo_viz/share/gazebo_viz/meshes
[1.239s] symbolically linking /home/rafal/diff_Trailblazer/TrailblazerML/build/gazebo_viz/meshes/wheel_right.stl -> /home/rafal/diff_Trailblazer/TrailblazerML/install/gazebo_viz/share/gazebo_viz/meshes
[1.239s] symbolically linking /home/rafal/diff_Trailblazer/TrailblazerML/build/gazebo_viz/meshes/wheel_left.stl -> /home/rafal/diff_Trailblazer/TrailblazerML/install/gazebo_viz/share/gazebo_viz/meshes
[1.287s] Invoked command in '/home/rafal/diff_Trailblazer/TrailblazerML/build/gazebo_viz' returned '0': PYTHONPATH=/home/rafal/diff_Trailblazer/TrailblazerML/build/gazebo_viz/prefix_override:/home/rafal/.local/lib/python3.10/site-packages/colcon_core/task/python/colcon_distutils_commands:/home/rafal/diff_Trailblazer/TrailblazerML/install/gazebo_viz/lib/python3.10/site-packages:${PYTHONPATH} /usr/bin/python3 -W ignore:setup.py install is deprecated setup.py develop --editable --build-directory /home/rafal/diff_Trailblazer/TrailblazerML/build/gazebo_viz/build --no-deps symlink_data
