[0.982s] Invoking command in '/home/rafal/diff_Trailblazer/TrailblazerML/build/trailblazerml': PYTHONPATH=/home/rafal/diff_Trailblazer/TrailblazerML/build/trailblazerml/prefix_override:/home/rafal/.local/lib/python3.10/site-packages/colcon_core/task/python/colcon_distutils_commands:/home/rafal/diff_Trailblazer/TrailblazerML/install/trailblazerml/lib/python3.10/site-packages:${PYTHONPATH} /usr/bin/python3 -W ignore:setup.py install is deprecated setup.py develop --editable --build-directory /home/rafal/diff_Trailblazer/TrailblazerML/build/trailblazerml/build --no-deps symlink_data
[1.189s] running develop
[1.190s] /usr/lib/python3/dist-packages/setuptools/command/easy_install.py:158: EasyInstallDeprecationWarning: easy_install command is deprecated. Use build and pip and other standards-based tools.
[1.190s]   warnings.warn(
[1.344s] running egg_info
[1.344s] creating trailblazerml.egg-info
[1.344s] writing trailblazerml.egg-info/PKG-INFO
[1.344s] writing dependency_links to trailblazerml.egg-info/dependency_links.txt
[1.344s] writing entry points to trailblazerml.egg-info/entry_points.txt
[1.344s] writing requirements to trailblazerml.egg-info/requires.txt
[1.344s] writing top-level names to trailblazerml.egg-info/top_level.txt
[1.345s] writing manifest file 'trailblazerml.egg-info/SOURCES.txt'
[1.345s] reading manifest file 'trailblazerml.egg-info/SOURCES.txt'
[1.346s] writing manifest file 'trailblazerml.egg-info/SOURCES.txt'
[1.347s] running build_ext
[1.347s] Creating /home/rafal/diff_Trailblazer/TrailblazerML/install/trailblazerml/lib/python3.10/site-packages/trailblazerml.egg-link (link to .)
[1.348s] 
[1.348s] Installed /home/rafal/diff_Trailblazer/TrailblazerML/build/trailblazerml
[1.348s] running symlink_data
[1.348s] creating /home/rafal/diff_Trailblazer/TrailblazerML/install/trailblazerml/share/ament_index
[1.348s] creating /home/rafal/diff_Trailblazer/TrailblazerML/install/trailblazerml/share/ament_index/resource_index
[1.348s] creating /home/rafal/diff_Trailblazer/TrailblazerML/install/trailblazerml/share/ament_index/resource_index/packages
[1.348s] symbolically linking /home/rafal/diff_Trailblazer/TrailblazerML/build/trailblazerml/resource/trailblazerml -> /home/rafal/diff_Trailblazer/TrailblazerML/install/trailblazerml/share/ament_index/resource_index/packages
[1.348s] symbolically linking /home/rafal/diff_Trailblazer/TrailblazerML/build/trailblazerml/package.xml -> /home/rafal/diff_Trailblazer/TrailblazerML/install/trailblazerml/share/trailblazerml
[1.411s] Invoked command in '/home/rafal/diff_Trailblazer/TrailblazerML/build/trailblazerml' returned '0': PYTHONPATH=/home/rafal/diff_Trailblazer/TrailblazerML/build/trailblazerml/prefix_override:/home/rafal/.local/lib/python3.10/site-packages/colcon_core/task/python/colcon_distutils_commands:/home/rafal/diff_Trailblazer/TrailblazerML/install/trailblazerml/lib/python3.10/site-packages:${PYTHONPATH} /usr/bin/python3 -W ignore:setup.py install is deprecated setup.py develop --editable --build-directory /home/rafal/diff_Trailblazer/TrailblazerML/build/trailblazerml/build --no-deps symlink_data
